sample.interval=20000
"ls" "FUN" "lapply" ".rs.objectsOnSearchPath" ".rs.getCompletionsSearchPath" "Reduce" "<Anonymous>" 
"ls" "FUN" "lapply" ".rs.objectsOnSearchPath" ".rs.getCompletionsSearchPath" "Reduce" "<Anonymous>" 
"ls" "FUN" "lapply" ".rs.objectsOnSearchPath" ".rs.getCompletionsSearchPath" "Reduce" "<Anonymous>" 
"ls" "FUN" "lapply" ".rs.objectsOnSearchPath" ".rs.getCompletionsSearchPath" "Reduce" "<Anonymous>" 
"ls" "FUN" "lapply" ".rs.objectsOnSearchPath" ".rs.getCompletionsSearchPath" "Reduce" "<Anonymous>" 
"ls" "FUN" "lapply" ".rs.objectsOnSearchPath" ".rs.getCompletionsSearchPath" "Reduce" "<Anonymous>" 
"ls" "FUN" "lapply" ".rs.objectsOnSearchPath" ".rs.getCompletionsSearchPath" "Reduce" "<Anonymous>" 
"ls" "FUN" "lapply" ".rs.objectsOnSearchPath" ".rs.getCompletionsSearchPath" "Reduce" "<Anonymous>" 
"ls" "FUN" "lapply" ".rs.objectsOnSearchPath" ".rs.getCompletionsSearchPath" "Reduce" "<Anonymous>" 
"ls" "FUN" "lapply" ".rs.objectsOnSearchPath" ".rs.getCompletionsSearchPath" "Reduce" "<Anonymous>" 
"ls" "FUN" "lapply" ".rs.objectsOnSearchPath" ".rs.getCompletionsSearchPath" "Reduce" "<Anonymous>" 
"ls" "FUN" "lapply" ".rs.objectsOnSearchPath" ".rs.getCompletionsSearchPath" "Reduce" "<Anonymous>" 
"f" "Reduce" "<Anonymous>" 
"grep" "ls" "FUN" "lapply" ".rs.objectsOnSearchPath" ".rs.getCompletionsSearchPath" "Reduce" "<Anonymous>" 
"ls" "FUN" "lapply" ".rs.objectsOnSearchPath" ".rs.getCompletionsSearchPath" "Reduce" "<Anonymous>" 
"ls" "FUN" "lapply" ".rs.objectsOnSearchPath" ".rs.getCompletionsSearchPath" "Reduce" "<Anonymous>" 
"normalizePath" "unique" "data" "withCallingHandlers" "suppressWarnings" "doTryCatch" "tryCatchOne" "tryCatchList" "tryCatch" ".rs.getHelpFromObject" ".rs.getHelpFunction" "<Anonymous>" 
"objects" ".rs.getHelpFromObject" ".rs.getHelpFunction" "<Anonymous>" 
"objects" ".rs.getHelpFromObject" ".rs.getHelpFunction" "<Anonymous>" 
"tryCatch" ".rs.getHelpFromObject" ".rs.getHelpFunction" "<Anonymous>" 
"as.list" ".rs.getHelpFromObject" ".rs.getHelpFunction" "<Anonymous>" 
".rs.getHelpFromObject" ".rs.getHelpFunction" "<Anonymous>" 
"::" "formals" "as.list" ".rs.getHelpFromObject" ".rs.getHelpFunction" "<Anonymous>" 
"as.list" ".rs.getHelpFromObject" ".rs.getHelpFunction" "<Anonymous>" 
"as.list" ".rs.getHelpFromObject" ".rs.getHelpFunction" "<Anonymous>" 
".rs.getHelpFromObject" ".rs.getHelpFunction" "<Anonymous>" 
"get" "getExportedValue" "::" "do.call" "doTryCatch" "tryCatchOne" "tryCatchList" "tryCatch" ".rs.getHelpFromObject" ".rs.getHelpFunction" "<Anonymous>" 
".rs.getHelpFromObject" ".rs.getHelpFunction" "<Anonymous>" 
".rs.getHelpFromObject" ".rs.getHelpFunction" "<Anonymous>" 
"file.exists" "system.file" "tools:::httpd" ".rs.getHelp" ".rs.getHelpFromObject" ".rs.getHelpFunction" "<Anonymous>" 
"[[" "lapply" "sapply" "apply" "setDynamicFlags" "prepare_Rd" "Rd2HTML" "tools:::httpd" ".rs.getHelp" ".rs.getHelpFromObject" ".rs.getHelpFunction" "<Anonymous>" 
"psub" "htmlify" "isBlankLineRd" "addParaBreaks" "writeLines" "writeLinesUTF8" "of1" "writeBlock" "writeContent" "writeHref" "writeLink" "writeBlock" "writeContent" "writeWrapped" "writeBlock" "writeContent" "writeSection" "Rd2HTML" "tools:::httpd" ".rs.getHelp" ".rs.getHelpFromObject" ".rs.getHelpFunction" "<Anonymous>" 
"grep" "isBlankRd" "writeContent" "writeSection" "Rd2HTML" "tools:::httpd" ".rs.getHelp" ".rs.getHelpFromObject" ".rs.getHelpFunction" "<Anonymous>" 
"grep" "isBlankRd" "writeWrapped" "writeBlock" "writeContent" "writeSection" "Rd2HTML" "tools:::httpd" ".rs.getHelp" ".rs.getHelpFromObject" ".rs.getHelpFunction" "<Anonymous>" 
"grep" "isBlankRd" "writeWrapped" "writeBlock" "writeContent" "writeSection" "Rd2HTML" "tools:::httpd" ".rs.getHelp" ".rs.getHelpFromObject" ".rs.getHelpFunction" "<Anonymous>" 
"paste0" "writeLines" "writeLinesUTF8" "of0" "writeWrapped" "writeBlock" "writeContent" "writeSection" "Rd2HTML" "tools:::httpd" ".rs.getHelp" ".rs.getHelpFromObject" ".rs.getHelpFunction" "<Anonymous>" 
"close.connection" "close" "Rd2HTML" "tools:::httpd" ".rs.getHelp" ".rs.getHelpFromObject" ".rs.getHelpFunction" "<Anonymous>" 
"objects" ".rs.getHelpFromObject" ".rs.getHelpFunction" "<Anonymous>" 
"objects" ".rs.getHelpFromObject" ".rs.getHelpFunction" "<Anonymous>" 
"isBaseNamespace" "getExportedValue" "::" "formals" "as.list" ".rs.getHelpFromObject" ".rs.getHelpFunction" "<Anonymous>" 
"getExportedValue" "::" "do.call" "doTryCatch" "tryCatchOne" "tryCatchList" "tryCatch" ".rs.getHelpFromObject" ".rs.getHelpFunction" "<Anonymous>" 
"doTryCatch" "tryCatchOne" "tryCatchList" "tryCatch" ".rs.getHelpFromObject" ".rs.getHelpFunction" "<Anonymous>" 
"get" "getExportedValue" "::" "do.call" "doTryCatch" "tryCatchOne" "tryCatchList" "tryCatch" ".rs.getHelpFromObject" ".rs.getHelpFunction" "<Anonymous>" 
"tryCatchOne" "tryCatchList" "tryCatch" ".rs.getHelpFromObject" ".rs.getHelpFunction" "<Anonymous>" 
".rs.getHelpFromObject" ".rs.getHelpFunction" "<Anonymous>" 
".rs.getHelpFromObject" ".rs.getHelpFunction" "<Anonymous>" 
".rs.getHelpFromObject" ".rs.getHelpFunction" "<Anonymous>" 
".rs.getHelpFromObject" ".rs.getHelpFunction" "<Anonymous>" 
"tryCatch" ".rs.getHelpFromObject" ".rs.getHelpFunction" "<Anonymous>" 
"asNamespace" "getExportedValue" "::" "formals" "as.list" ".rs.getHelpFromObject" ".rs.getHelpFunction" "<Anonymous>" 
"readRDS" "index.search" "utils::help" "eval" "eval" "doTryCatch" "tryCatchOne" "tryCatchList" "tryCatch" ".rs.getHelp" ".rs.getHelpFromObject" ".rs.getHelpFunction" "<Anonymous>" 
"read.dcf" "doTryCatch" "tryCatchOne" "tryCatchList" "tryCatch" ".read_description" "Rd2HTML" "tools:::httpd" ".rs.getHelp" ".rs.getHelpFromObject" ".rs.getHelpFunction" "<Anonymous>" 
"FUN" "lapply" "strwrap" "Rd2HTML" "tools:::httpd" ".rs.getHelp" ".rs.getHelpFromObject" ".rs.getHelpFunction" "<Anonymous>" 
"match" "%in%" "writeBlock" "writeContent" "writeSection" "Rd2HTML" "tools:::httpd" ".rs.getHelp" ".rs.getHelpFromObject" ".rs.getHelpFunction" "<Anonymous>" 
"grep" "isBlankLineRd" "addParaBreaks" "writeLines" "writeLinesUTF8" "of1" "writeBlock" "writeContent" "writeSection" "Rd2HTML" "tools:::httpd" ".rs.getHelp" ".rs.getHelpFromObject" ".rs.getHelpFunction" "<Anonymous>" 
"psub" "htmlify" "isBlankLineRd" "addParaBreaks" "writeLines" "writeLinesUTF8" "of1" "writeBlock" "writeContent" "writeSection" "Rd2HTML" "tools:::httpd" ".rs.getHelp" ".rs.getHelpFromObject" ".rs.getHelpFunction" "<Anonymous>" 
"regexpr" "withCallingHandlers" "suppressWarnings" ".rs.getHelp" ".rs.getHelpFromObject" ".rs.getHelpFunction" "<Anonymous>" 
"objects" ".rs.getHelpFromObject" ".rs.getHelpFunction" "<Anonymous>" 
"objects" ".rs.getHelpFromObject" ".rs.getHelpFunction" "<Anonymous>" 
"tryCatchList" "tryCatch" ".rs.getHelpFromObject" ".rs.getHelpFunction" "<Anonymous>" 
"getExportedValue" "::" "do.call" "doTryCatch" "tryCatchOne" "tryCatchList" "tryCatch" ".rs.getHelpFromObject" ".rs.getHelpFunction" "<Anonymous>" 
"formals" "as.list" ".rs.getHelpFromObject" ".rs.getHelpFunction" "<Anonymous>" 
".rs.getHelpFromObject" ".rs.getHelpFunction" "<Anonymous>" 
"doTryCatch" "tryCatchOne" "tryCatchList" "tryCatch" ".rs.getHelpFromObject" ".rs.getHelpFunction" "<Anonymous>" 
"match" "%in%" ".rs.getHelpFromObject" ".rs.getHelpFunction" "<Anonymous>" 
"tryCatch" ".rs.getHelpFromObject" ".rs.getHelpFunction" "<Anonymous>" 
"isNamespace" "asNamespace" "getExportedValue" "::" "formals" "as.list" ".rs.getHelpFromObject" ".rs.getHelpFunction" "<Anonymous>" 
"getExportedValue" "::" "formals" "as.list" ".rs.getHelpFromObject" ".rs.getHelpFunction" "<Anonymous>" 
"as.list.default" "as.list" ".rs.getHelpFromObject" ".rs.getHelpFunction" "<Anonymous>" 
"readRDS" "tools:::httpd" ".rs.getHelp" ".rs.getHelpFromObject" ".rs.getHelpFunction" "<Anonymous>" 
"psub" "htmlify" "paste0" "writeLines" "writeLinesUTF8" "of0" "Rd2HTML" "tools:::httpd" ".rs.getHelp" ".rs.getHelpFromObject" ".rs.getHelpFunction" "<Anonymous>" 
"psub" "htmlify" "isBlankLineRd" "addParaBreaks" "writeLines" "writeLinesUTF8" "of1" "writeBlock" "writeContent" "writeSection" "Rd2HTML" "tools:::httpd" ".rs.getHelp" ".rs.getHelpFromObject" ".rs.getHelpFunction" "<Anonymous>" 
"htmlify" "isBlankLineRd" "addParaBreaks" "writeLines" "writeLinesUTF8" "of1" "writeBlock" "writeContent" "writeSection" "Rd2HTML" "tools:::httpd" ".rs.getHelp" ".rs.getHelpFromObject" ".rs.getHelpFunction" "<Anonymous>" 
"grep" "isBlankRd" "writeWrapped" "writeBlock" "writeContent" "writeSection" "Rd2HTML" "tools:::httpd" ".rs.getHelp" ".rs.getHelpFromObject" ".rs.getHelpFunction" "<Anonymous>" 
"<" ".rs.getHelp" ".rs.getHelpFromObject" ".rs.getHelpFunction" "<Anonymous>" 
"objects" ".rs.getHelpFromObject" ".rs.getHelpFunction" "<Anonymous>" 
"tryCatchOne" "tryCatchList" "tryCatch" ".rs.getHelpFromObject" ".rs.getHelpFunction" "<Anonymous>" 
"getNamespace" "asNamespace" "getExportedValue" "::" "formals" "as.list" ".rs.getHelpFromObject" ".rs.getHelpFunction" "<Anonymous>" 
".rs.getHelpFromObject" ".rs.getHelpFunction" "<Anonymous>" 
"tryCatch" ".rs.getHelpFromObject" ".rs.getHelpFunction" "<Anonymous>" 
".rs.getSignature" "sub" ".rs.getHelpFromObject" ".rs.getHelpFunction" "<Anonymous>" 
"existsInFrame" "<Anonymous>" "lazyLoadDBfetch" "fetch" "fun" "lazyLoadDBexec" "tools:::fetchRdDB" "utils:::.getHelpFile" "prepare_Rd" "Rd2HTML" "tools:::httpd" ".rs.getHelp" ".rs.getHelpFromObject" ".rs.getHelpFunction" "<Anonymous>" 
"psub" "htmlify" "isBlankLineRd" "addParaBreaks" "writeLines" "writeLinesUTF8" "of1" "writeBlock" "writeContent" "writeContent" "writeSection" "Rd2HTML" "tools:::httpd" ".rs.getHelp" ".rs.getHelpFromObject" ".rs.getHelpFunction" "<Anonymous>" 
"psub" "htmlify" "isBlankLineRd" "addParaBreaks" "writeLines" "writeLinesUTF8" "of1" "writeBlock" "writeContent" "writeContent" "writeSection" "Rd2HTML" "tools:::httpd" ".rs.getHelp" ".rs.getHelpFromObject" ".rs.getHelpFunction" "<Anonymous>" 
"sapply" "RdTags" "get_link" "writeLink" "writeBlock" "writeContent" "writeWrapped" "writeBlock" "writeContent" "writeSection" "Rd2HTML" "tools:::httpd" ".rs.getHelp" ".rs.getHelpFromObject" ".rs.getHelpFunction" "<Anonymous>" 
"psub" "htmlify" "isBlankLineRd" "addParaBreaks" "writeLines" "writeLinesUTF8" "of1" "writeBlock" "writeContent" "writeSection" "Rd2HTML" "tools:::httpd" ".rs.getHelp" ".rs.getHelpFromObject" ".rs.getHelpFunction" "<Anonymous>" 
"grep" "isBlankRd" "writeContent" "writeSection" "Rd2HTML" "tools:::httpd" ".rs.getHelp" ".rs.getHelpFromObject" ".rs.getHelpFunction" "<Anonymous>" 
"htmlify" "isBlankLineRd" "addParaBreaks" "writeLines" "writeLinesUTF8" "of1" "writeBlock" "writeContent" "writeSection" "Rd2HTML" "tools:::httpd" ".rs.getHelp" ".rs.getHelpFromObject" ".rs.getHelpFunction" "<Anonymous>" 
"toupper" "paste0" "FUN" "vapply" "urlify" "paste0" "writeLink" "writeBlock" "writeContent" "writeWrapped" "writeBlock" "writeContent" "writeSection" "Rd2HTML" "tools:::httpd" ".rs.getHelp" ".rs.getHelpFromObject" ".rs.getHelpFunction" "<Anonymous>" 
"psub" "addParaBreaks" "writeLines" "writeLinesUTF8" "of1" "writeBlock" "writeContent" "writeSection" "Rd2HTML" "tools:::httpd" ".rs.getHelp" ".rs.getHelpFromObject" ".rs.getHelpFunction" "<Anonymous>" 
"writeContent" "writeWrapped" "writeBlock" "writeContent" "writeSection" "Rd2HTML" "tools:::httpd" ".rs.getHelp" ".rs.getHelpFromObject" ".rs.getHelpFunction" "<Anonymous>" 
"as.list" "lapply" "sapply" "RdTags" "writeContent" "writeWrapped" "writeBlock" "writeContent" "writeSection" "Rd2HTML" "tools:::httpd" ".rs.getHelp" ".rs.getHelpFromObject" ".rs.getHelpFunction" "<Anonymous>" 
"writeContent" "writeSection" "Rd2HTML" "tools:::httpd" ".rs.getHelp" ".rs.getHelpFromObject" ".rs.getHelpFunction" "<Anonymous>" 
"psub" "htmlify" "isBlankLineRd" "addParaBreaks" "writeLines" "writeLinesUTF8" "of1" "writeBlock" "writeContent" "writeSection" "Rd2HTML" "tools:::httpd" ".rs.getHelp" ".rs.getHelpFromObject" ".rs.getHelpFunction" "<Anonymous>" 
"close.connection" "close" "Rd2HTML" "tools:::httpd" ".rs.getHelp" ".rs.getHelpFromObject" ".rs.getHelpFunction" "<Anonymous>" 
"regexpr" "withCallingHandlers" "suppressWarnings" ".rs.getHelp" ".rs.getHelpFromObject" ".rs.getHelpFunction" "<Anonymous>" 
"file" "summaryRprof" 
"file" "summaryRprof" 
"deparse" "paste" "as.data.frame.AsIs" "as.data.frame" "<Anonymous>" "do.call" "as.data.frame.list" "format.data.frame" "as.matrix" "print.data.frame" "print" 
"print.default" "print" "print.data.frame" "print" 
"print.default" "print" "print.data.frame" "print" 
"file.exists" ".packages" "library" "withCallingHandlers" "suppressWarnings" "<Anonymous>" 
"file.exists" ".packages" "library" "withCallingHandlers" "suppressWarnings" "<Anonymous>" 
"file.exists" ".packages" "library" "withCallingHandlers" "suppressWarnings" "<Anonymous>" 
"file.exists" ".packages" "library" "withCallingHandlers" "suppressWarnings" "<Anonymous>" 
"gzfile" "readRDS" "FUN" "lapply" "find.package" "system.file" "library" "withCallingHandlers" "suppressWarnings" "<Anonymous>" 
"gzfile" "readRDS" "FUN" "lapply" "find.package" "system.file" "library" "withCallingHandlers" "suppressWarnings" "<Anonymous>" 
"gzfile" "readRDS" "FUN" "lapply" "find.package" "system.file" "library" "withCallingHandlers" "suppressWarnings" "<Anonymous>" 
"gzfile" "readRDS" "FUN" "lapply" "find.package" "system.file" "library" "withCallingHandlers" "suppressWarnings" "<Anonymous>" 
"gzfile" "readRDS" "FUN" "lapply" "find.package" "system.file" "library" "withCallingHandlers" "suppressWarnings" "<Anonymous>" 
"gzfile" "readRDS" "FUN" "lapply" "find.package" "system.file" "library" "withCallingHandlers" "suppressWarnings" "<Anonymous>" 
"gzfile" "readRDS" "FUN" "lapply" "find.package" "system.file" "library" "withCallingHandlers" "suppressWarnings" "<Anonymous>" 
"gzfile" "readRDS" "FUN" "lapply" "find.package" "system.file" "library" "withCallingHandlers" "suppressWarnings" "<Anonymous>" 
"gzfile" "readRDS" "FUN" "lapply" "find.package" "system.file" "library" "withCallingHandlers" "suppressWarnings" "<Anonymous>" 
"gzfile" "readRDS" "FUN" "lapply" "find.package" "system.file" "library" "withCallingHandlers" "suppressWarnings" "<Anonymous>" 
"gzfile" "readRDS" "FUN" "lapply" "find.package" "system.file" "library" "withCallingHandlers" "suppressWarnings" "<Anonymous>" 
"gzfile" "readRDS" "FUN" "lapply" "find.package" "system.file" "library" "withCallingHandlers" "suppressWarnings" "<Anonymous>" 
"gzfile" "readRDS" "FUN" "lapply" "find.package" "system.file" "library" "withCallingHandlers" "suppressWarnings" "<Anonymous>" 
"gzfile" "readRDS" "FUN" "lapply" "find.package" "system.file" "library" "withCallingHandlers" "suppressWarnings" "<Anonymous>" 
"gzfile" "readRDS" "FUN" "lapply" "find.package" "system.file" "library" "withCallingHandlers" "suppressWarnings" "<Anonymous>" 
"gzfile" "readRDS" "FUN" "lapply" "find.package" "system.file" "library" "withCallingHandlers" "suppressWarnings" "<Anonymous>" 
"gzfile" "readRDS" "FUN" "lapply" "find.package" "system.file" "library" "withCallingHandlers" "suppressWarnings" "<Anonymous>" 
"gzfile" "readRDS" "FUN" "lapply" "find.package" "system.file" "library" "withCallingHandlers" "suppressWarnings" "<Anonymous>" 
"gzfile" "readRDS" "FUN" "lapply" "find.package" "system.file" "library" "withCallingHandlers" "suppressWarnings" "<Anonymous>" 
"$" "FUN" "lapply" "find.package" "system.file" "library" "withCallingHandlers" "suppressWarnings" "<Anonymous>" 
"gzfile" "readRDS" "library" "withCallingHandlers" "suppressWarnings" "<Anonymous>" 
"gzfile" "readRDS" "FUN" "lapply" "find.package" "system.file" "library" "withCallingHandlers" "suppressWarnings" "<Anonymous>" 
"gzfile" "readRDS" "FUN" "lapply" "find.package" "system.file" "library" "withCallingHandlers" "suppressWarnings" "<Anonymous>" 
"gzfile" "readRDS" "FUN" "lapply" "find.package" "system.file" "library" "withCallingHandlers" "suppressWarnings" "<Anonymous>" 
"gzfile" "readRDS" "FUN" "lapply" "find.package" "system.file" "library" "withCallingHandlers" "suppressWarnings" "<Anonymous>" 
"gzfile" "readRDS" "FUN" "lapply" "find.package" "system.file" "library" "withCallingHandlers" "suppressWarnings" "<Anonymous>" 
"gzfile" "readRDS" "FUN" "lapply" "find.package" "system.file" "library" "withCallingHandlers" "suppressWarnings" "<Anonymous>" 
"file.path" "FUN" "lapply" "find.package" "system.file" "library" "withCallingHandlers" "suppressWarnings" "<Anonymous>" 
"file.exists" "find.package" "system.file" "library" "withCallingHandlers" "suppressWarnings" "<Anonymous>" 
"gzfile" "readRDS" "FUN" "lapply" "find.package" "system.file" "library" "withCallingHandlers" "suppressWarnings" "<Anonymous>" 
"file.exists" "FUN" "lapply" "find.package" "system.file" "library" "withCallingHandlers" "suppressWarnings" "<Anonymous>" 
"gzfile" "readRDS" "FUN" "lapply" "find.package" "system.file" "library" "withCallingHandlers" "suppressWarnings" "<Anonymous>" 
"gzfile" "readRDS" "FUN" "lapply" "find.package" "system.file" "library" "withCallingHandlers" "suppressWarnings" "<Anonymous>" 
"file.exists" "find.package" "system.file" "library" "withCallingHandlers" "suppressWarnings" "<Anonymous>" 
"gzfile" "readRDS" "FUN" "lapply" "find.package" "system.file" "library" "withCallingHandlers" "suppressWarnings" "<Anonymous>" 
"readRDS" "library" "withCallingHandlers" "suppressWarnings" "<Anonymous>" 
"gzfile" "readRDS" "FUN" "lapply" "find.package" "system.file" "library" "withCallingHandlers" "suppressWarnings" "<Anonymous>" 
"gzfile" "readRDS" "FUN" "lapply" "find.package" "system.file" "library" "withCallingHandlers" "suppressWarnings" "<Anonymous>" 
"gzfile" "readRDS" "FUN" "lapply" "find.package" "system.file" "library" "withCallingHandlers" "suppressWarnings" "<Anonymous>" 
"gzfile" "readRDS" "FUN" "lapply" "find.package" "system.file" "library" "withCallingHandlers" "suppressWarnings" "<Anonymous>" 
"gzfile" "readRDS" "FUN" "lapply" "find.package" "system.file" "library" "withCallingHandlers" "suppressWarnings" "<Anonymous>" 
"gzfile" "readRDS" "FUN" "lapply" "find.package" "system.file" "library" "withCallingHandlers" "suppressWarnings" "<Anonymous>" 
"gzfile" "readRDS" "FUN" "lapply" "find.package" "system.file" "library" "withCallingHandlers" "suppressWarnings" "<Anonymous>" 
"gzfile" "readRDS" "FUN" "lapply" "find.package" "system.file" "library" "withCallingHandlers" "suppressWarnings" "<Anonymous>" 
"gzfile" "readRDS" "FUN" "lapply" "find.package" "system.file" "library" "withCallingHandlers" "suppressWarnings" "<Anonymous>" 
"gzfile" "readRDS" "FUN" "lapply" "find.package" "system.file" "library" "withCallingHandlers" "suppressWarnings" "<Anonymous>" 
"gzfile" "readRDS" "FUN" "lapply" "find.package" "system.file" "library" "withCallingHandlers" "suppressWarnings" "<Anonymous>" 
"gzfile" "readRDS" "FUN" "lapply" "find.package" "system.file" "library" "withCallingHandlers" "suppressWarnings" "<Anonymous>" 
"gzfile" "readRDS" "FUN" "lapply" "find.package" "system.file" "library" "withCallingHandlers" "suppressWarnings" "<Anonymous>" 
"gzfile" "readRDS" "FUN" "lapply" "find.package" "system.file" "library" "withCallingHandlers" "suppressWarnings" "<Anonymous>" 
"gzfile" "readRDS" "FUN" "lapply" "find.package" "system.file" "library" "withCallingHandlers" "suppressWarnings" "<Anonymous>" 
"file.path" "file.exists" "find.package" "system.file" "library" "withCallingHandlers" "suppressWarnings" "<Anonymous>" 
"gzfile" "readRDS" "FUN" "lapply" "find.package" "system.file" "library" "withCallingHandlers" "suppressWarnings" "<Anonymous>" 
"gzfile" "readRDS" "FUN" "lapply" "find.package" "system.file" "library" "withCallingHandlers" "suppressWarnings" "<Anonymous>" 
"gzfile" "readRDS" "FUN" "lapply" "find.package" "system.file" "library" "withCallingHandlers" "suppressWarnings" "<Anonymous>" 
"file.exists" ".packages" "library" "withCallingHandlers" "suppressWarnings" "<Anonymous>" 
"file.exists" ".packages" "library" "withCallingHandlers" "suppressWarnings" "<Anonymous>" 
"readRDS" "library" "withCallingHandlers" "suppressWarnings" "<Anonymous>" 
"gzfile" "readRDS" "FUN" "lapply" "find.package" "system.file" "library" "withCallingHandlers" "suppressWarnings" "<Anonymous>" 
"gzfile" "readRDS" "FUN" "lapply" "find.package" "system.file" "library" "withCallingHandlers" "suppressWarnings" "<Anonymous>" 
"gzfile" "readRDS" "FUN" "lapply" "find.package" "system.file" "library" "withCallingHandlers" "suppressWarnings" "<Anonymous>" 
"readRDS" "library" "withCallingHandlers" "suppressWarnings" "<Anonymous>" 
"gzfile" "readRDS" "FUN" "lapply" "find.package" "system.file" "library" "withCallingHandlers" "suppressWarnings" "<Anonymous>" 
"close" "readRDS" "FUN" "lapply" "find.package" "system.file" "library" "withCallingHandlers" "suppressWarnings" "<Anonymous>" 
"rbind" "do.call" "find.package" "system.file" "library" "withCallingHandlers" "suppressWarnings" "<Anonymous>" 
"gzfile" "readRDS" "FUN" "lapply" "find.package" "system.file" "library" "withCallingHandlers" "suppressWarnings" "<Anonymous>" 
"gzfile" "readRDS" "FUN" "lapply" "find.package" "system.file" "library" "withCallingHandlers" "suppressWarnings" "<Anonymous>" 
"gzfile" "readRDS" "FUN" "lapply" "find.package" "system.file" "library" "withCallingHandlers" "suppressWarnings" "<Anonymous>" 
"gzfile" "readRDS" "library" "withCallingHandlers" "suppressWarnings" "<Anonymous>" 
"gzfile" "readRDS" "FUN" "lapply" "find.package" "system.file" "library" "withCallingHandlers" "suppressWarnings" "<Anonymous>" 
"gzfile" "readRDS" "FUN" "lapply" "find.package" "system.file" "library" "withCallingHandlers" "suppressWarnings" "<Anonymous>" 
"gzfile" "readRDS" "library" "withCallingHandlers" "suppressWarnings" "<Anonymous>" 
"gzfile" "readRDS" "FUN" "lapply" "find.package" "system.file" "library" "withCallingHandlers" "suppressWarnings" "<Anonymous>" 
"system.file" "library" "withCallingHandlers" "suppressWarnings" "<Anonymous>" 
"gzfile" "readRDS" "FUN" "lapply" "find.package" "system.file" "library" "withCallingHandlers" "suppressWarnings" "<Anonymous>" 
"file.exists" "system.file" "library" "withCallingHandlers" "suppressWarnings" "<Anonymous>" 
"normalizePath" "match" "<Anonymous>" 
"normalizePath" "match" "<Anonymous>" 
"normalizePath" "match" "<Anonymous>" 
"gzfile" "readRDS" "doTryCatch" "tryCatchOne" "tryCatchList" "tryCatch" "try" ".readPkgDesc" "installed.packages" "as.data.frame" "<Anonymous>" 
"readRDS" "doTryCatch" "tryCatchOne" "tryCatchList" "tryCatch" "try" ".readPkgDesc" "installed.packages" "as.data.frame" "<Anonymous>" 
"gzfile" "readRDS" "doTryCatch" "tryCatchOne" "tryCatchList" "tryCatch" "try" ".readPkgDesc" "installed.packages" "as.data.frame" "<Anonymous>" 
"close.connection" "close" "readRDS" "doTryCatch" "tryCatchOne" "tryCatchList" "tryCatch" "try" ".readPkgDesc" "installed.packages" "as.data.frame" "<Anonymous>" 
"FUN" "lapply" "unlist" "format.numeric_version" "format" "as.character.numeric_version" "as.character" "as.character" ".readPkgDesc" "installed.packages" "as.data.frame" "<Anonymous>" 
"file.access" ".readPkgDesc" "installed.packages" "as.data.frame" "<Anonymous>" 
"readRDS" "doTryCatch" "tryCatchOne" "tryCatchList" "tryCatch" "try" ".readPkgDesc" "installed.packages" "as.data.frame" "<Anonymous>" 
"readRDS" "doTryCatch" "tryCatchOne" "tryCatchList" "tryCatch" "try" ".readPkgDesc" "installed.packages" "as.data.frame" "<Anonymous>" 
"close.connection" "close" "saveRDS" "installed.packages" "as.data.frame" "<Anonymous>" 
"gzfile" "readRDS" "doTryCatch" "tryCatchOne" "tryCatchList" "tryCatch" "try" ".readPkgDesc" "installed.packages" "as.data.frame" "<Anonymous>" 
"file.access" ".readPkgDesc" "installed.packages" "as.data.frame" "<Anonymous>" 
".readPkgDesc" "installed.packages" "as.data.frame" "<Anonymous>" 
"close.connection" "close" "readRDS" "doTryCatch" "tryCatchOne" "tryCatchList" "tryCatch" "try" ".readPkgDesc" "installed.packages" "as.data.frame" "<Anonymous>" 
"close.connection" "close" "saveRDS" "installed.packages" "as.data.frame" "<Anonymous>" 
".subset2" "<Anonymous>" "[[.data.frame" "[[" "[.data.frame" "[" "subset.data.frame" "subset" ".rs.packageVersion" "<Anonymous>" 
"<Anonymous>" "[[.data.frame" "[[" "[.data.frame" "[" "subset.data.frame" "subset" ".rs.packageVersion" "<Anonymous>" 
"[.data.frame" "[" "subset.data.frame" "subset" ".rs.packageVersion" "<Anonymous>" 
"[.data.frame" "[" "subset.data.frame" "subset" ".rs.packageVersion" "<Anonymous>" 
"<Anonymous>" 
"[.data.frame" "[" "subset.data.frame" "subset" ".rs.packageVersion" "<Anonymous>" 
".subset2" "<Anonymous>" "[[.data.frame" "[[" "[.data.frame" "[" "subset.data.frame" "subset" ".rs.packageVersion" "<Anonymous>" 
"%in%" "[[.data.frame" "[[" "[.data.frame" "[" "subset.data.frame" "subset" ".rs.packageVersion" "<Anonymous>" 
"deparse" "mode" "match" "%in%" "deparse" "paste" "force" "as.data.frame.logical" "as.data.frame" "data.frame" "<Anonymous>" 
"sort.int" "iconvlist" "toupper" "as.vector" "intersect" "sort" "<Anonymous>" 
"unlist" ".rs.getCompletionsHelp" "<Anonymous>" 
"file.exists" "find.package" "index.search" "utils::help" ".rs.getHelp" "<Anonymous>" 
"readRDS" "index.search" "utils::help" ".rs.getHelp" "<Anonymous>" 
"Rd2HTML" "tools:::httpd" ".rs.getHelp" "<Anonymous>" 
"grep" "isBlankLineRd" "addParaBreaks" "writeLines" "writeLinesUTF8" "of1" "writeBlock" "writeContent" "writeSection" "Rd2HTML" "tools:::httpd" ".rs.getHelp" "<Anonymous>" 
"grep" "isBlankLineRd" "addParaBreaks" "writeLines" "writeLinesUTF8" "of1" "writeBlock" "writeContent" "writeContent" "writeSection" "Rd2HTML" "tools:::httpd" ".rs.getHelp" "<Anonymous>" 
"psub" "htmlify" "isBlankLineRd" "addParaBreaks" "writeLines" "writeLinesUTF8" "of1" "writeBlock" "writeContent" "writeSection" "Rd2HTML" "tools:::httpd" ".rs.getHelp" "<Anonymous>" 
"psub" "htmlify" "isBlankLineRd" "addParaBreaks" "writeLines" "writeLinesUTF8" "of1" "writeBlock" "writeContent" "writeSection" "Rd2HTML" "tools:::httpd" ".rs.getHelp" "<Anonymous>" 
"paste" "gsub" "urlify" "paste0" "writeLink" "writeBlock" "writeContent" "writeSection" "Rd2HTML" "tools:::httpd" ".rs.getHelp" "<Anonymous>" 
"paste0" "urlify" "paste0" "writeLink" "writeBlock" "writeContent" "writeWrapped" "writeBlock" "writeContent" "writeSection" "Rd2HTML" "tools:::httpd" ".rs.getHelp" "<Anonymous>" 
"lapply" "sapply" "RdTags" "writeSection" "Rd2HTML" "tools:::httpd" ".rs.getHelp" "<Anonymous>" 
"unlist" "simplify2array" "sapply" "RdTags" "writeContent" "writeSection" "Rd2HTML" "tools:::httpd" ".rs.getHelp" "<Anonymous>" 
"close.connection" "close" "Rd2HTML" "tools:::httpd" ".rs.getHelp" "<Anonymous>" 
"file.exists" "find.package" "index.search" "help" "eval" "eval" "?" 
"gzfile" "readRDS" "index.search" "help" "eval" "eval" "?" 
"suppressWarnings" ".rs.haveRequiredRSvnRev" ".rs.httpdPortIsFunction" "<Anonymous>" ".Call" "browser" "browseURL" "print.help_files_with_topic" "<Anonymous>" 
"tempfile" "<Anonymous>" "doTryCatch" "tryCatchOne" "tryCatchList" "tryCatch" "try" 
"FUN" "lapply" "strwrap" "Rd2HTML" "<Anonymous>" "doTryCatch" "tryCatchOne" "tryCatchList" "tryCatch" "try" 
"psub" "htmlify" "isBlankLineRd" "addParaBreaks" "writeLines" "writeLinesUTF8" "of1" "writeBlock" "writeContent" "writeContent" "writeSection" "Rd2HTML" "<Anonymous>" "doTryCatch" "tryCatchOne" "tryCatchList" "tryCatch" "try" 
"psub" "htmlify" "isBlankLineRd" "addParaBreaks" "writeLines" "writeLinesUTF8" "of1" "writeBlock" "writeContent" "writeContent" "writeSection" "Rd2HTML" "<Anonymous>" "doTryCatch" "tryCatchOne" "tryCatchList" "tryCatch" "try" 
"isTRUE" "addParaBreaks" "writeLines" "writeLinesUTF8" "of1" "writeBlock" "writeContent" "writeSection" "Rd2HTML" "<Anonymous>" "doTryCatch" "tryCatchOne" "tryCatchList" "tryCatch" "try" 
"psub" "htmlify" "isBlankLineRd" "addParaBreaks" "writeLines" "writeLinesUTF8" "of1" "writeBlock" "writeContent" "writeSection" "Rd2HTML" "<Anonymous>" "doTryCatch" "tryCatchOne" "tryCatchList" "tryCatch" "try" 
"vapply" "urlify" "paste0" "writeLink" "writeBlock" "writeContent" "writeWrapped" "writeBlock" "writeContent" "writeSection" "Rd2HTML" "<Anonymous>" "doTryCatch" "tryCatchOne" "tryCatchList" "tryCatch" "try" 
"psub" "htmlify" "isBlankLineRd" "addParaBreaks" "writeLines" "writeLinesUTF8" "of1" "writeBlock" "writeContent" "writeSection" "Rd2HTML" "<Anonymous>" "doTryCatch" "tryCatchOne" "tryCatchList" "tryCatch" "try" 
"writeContent" "writeSection" "Rd2HTML" "<Anonymous>" "doTryCatch" "tryCatchOne" "tryCatchList" "tryCatch" "try" 
"writeLink" "writeBlock" "writeContent" "writeWrapped" "writeBlock" "writeContent" "writeSection" "Rd2HTML" "<Anonymous>" "doTryCatch" "tryCatchOne" "tryCatchList" "tryCatch" "try" 
"readRDS" "<Anonymous>" "doTryCatch" "tryCatchOne" "tryCatchList" "tryCatch" "try" 
"psub" "htmlify" "isBlankLineRd" "addParaBreaks" "writeLines" "writeLinesUTF8" "of1" "writeBlock" "writeContent" "writeSection" "Rd2HTML" "<Anonymous>" "doTryCatch" "tryCatchOne" "tryCatchList" "tryCatch" "try" 
"psub" "addParaBreaks" "writeLines" "writeLinesUTF8" "of1" "writeBlock" "writeContent" "writeSection" "Rd2HTML" "<Anonymous>" "doTryCatch" "tryCatchOne" "tryCatchList" "tryCatch" "try" 
"grep" "isBlankRd" "writeContent" "writeSection" "Rd2HTML" "<Anonymous>" "doTryCatch" "tryCatchOne" "tryCatchList" "tryCatch" "try" 
"psub" "htmlify" "isBlankLineRd" "addParaBreaks" "writeLines" "writeLinesUTF8" "of1" "writeBlock" "writeContent" "writeSection" "Rd2HTML" "<Anonymous>" "doTryCatch" "tryCatchOne" "tryCatchList" "tryCatch" "try" 
"htmlify" "isBlankLineRd" "addParaBreaks" "writeLines" "writeLinesUTF8" "of1" "writeBlock" "writeContent" "writeSection" "Rd2HTML" "<Anonymous>" "doTryCatch" "tryCatchOne" "tryCatchList" "tryCatch" "try" 
"fsub" "htmlify" "isBlankLineRd" "addParaBreaks" "writeLines" "writeLinesUTF8" "of1" "writeBlock" "writeContent" "writeSection" "Rd2HTML" "<Anonymous>" "doTryCatch" "tryCatchOne" "tryCatchList" "tryCatch" "try" 
"writeLines" "writeLinesUTF8" "of1" "writeLR" "writeBlock" "writeContent" "writeSection" "Rd2HTML" "<Anonymous>" "doTryCatch" "tryCatchOne" "tryCatchList" "tryCatch" "try" 
"close.connection" "close" "Rd2HTML" "<Anonymous>" "doTryCatch" "tryCatchOne" "tryCatchList" "tryCatch" "try" 
"anyNA" ".deparseOpts" "deparse" "mode" "match" "%in%" "deparse" "mode" "match" "%in%" "deparse" "value[[3]]" "tryCatchOne" "tryCatchList" "tryCatch" "base::try" 
"conditionMessage" "value[[3]]" "tryCatchOne" "tryCatchList" "tryCatch" "base::try" 
"strsplit" "value[[3]]" "tryCatchOne" "tryCatchList" "tryCatch" "base::try" 
"tryCatchOne" "tryCatchList" "tryCatch" "base::try" 
"structure" "value[[3]]" "tryCatchOne" "tryCatchList" "tryCatch" "base::try" 
"match" "%in%" "structure" "value[[3]]" "tryCatchOne" "tryCatchList" "tryCatch" "base::try" 
"strsplit" "value[[3]]" "tryCatchOne" "tryCatchList" "tryCatch" "base::try" 
"doTryCatch" "tryCatchOne" "tryCatchList" "tryCatch" "base::try" 
"doTryCatch" "tryCatchOne" "tryCatchList" "tryCatch" "base::try" 
"paste0" "value[[3]]" "tryCatchOne" "tryCatchList" "tryCatch" "base::try" 
"system" "download.file" 
"structure" "simpleError" "tryCatchOne" "tryCatchList" "tryCatch" "base::try" 
"match" "%in%" "structure" "as.octmode" "dir.create" 
"system" "download.file" 
"deparse" "value[[3]]" "tryCatchOne" "tryCatchList" "tryCatch" "base::try" 
"close.connection" "close" "save" "FUN" "lapply" "<Anonymous>" 
